<?xml version="1.0" encoding="UTF-8"?>
<coverage generated="1760186896795" clover="3.2.0">
  <project timestamp="1760186896796" name="All files">
    <metrics statements="40" coveredstatements="40" conditionals="12" coveredconditionals="8" methods="16" coveredmethods="16" elements="68" coveredelements="64" complexity="0" loc="40" ncloc="40" packages="1" files="1" classes="1"/>
    <file name="useTypograph.tsx" path="/Users/viktoria/studying/portfolio/my-portfolio/src/hooks/useTypograph.tsx">
      <metrics statements="40" coveredstatements="40" conditionals="12" coveredconditionals="8" methods="16" coveredmethods="16"/>
      <line num="1" count="1" type="stmt"/>
      <line num="5" count="1" type="stmt"/>
      <line num="26" count="1" type="stmt"/>
      <line num="46" count="31" type="cond" truecount="1" falsecount="1"/>
      <line num="49" count="31" type="stmt"/>
      <line num="52" count="31" type="stmt"/>
      <line num="54" count="31" type="stmt"/>
      <line num="57" count="31" type="stmt"/>
      <line num="58" count="31" type="stmt"/>
      <line num="61" count="31" type="stmt"/>
      <line num="64" count="31" type="stmt"/>
      <line num="67" count="31" type="stmt"/>
      <line num="69" count="31" type="stmt"/>
      <line num="73" count="45" type="cond" truecount="1" falsecount="1"/>
      <line num="75" count="45" type="stmt"/>
      <line num="78" count="45" type="stmt"/>
      <line num="80" count="45" type="stmt"/>
      <line num="83" count="45" type="stmt"/>
      <line num="88" count="45" type="stmt"/>
      <line num="90" count="25" type="stmt"/>
      <line num="94" count="45" type="stmt"/>
      <line num="97" count="45" type="stmt"/>
      <line num="99" count="45" type="stmt"/>
      <line num="102" count="1" type="stmt"/>
      <line num="106" count="78" type="cond" truecount="2" falsecount="0"/>
      <line num="108" count="76" type="cond" truecount="2" falsecount="0"/>
      <line num="109" count="45" type="stmt"/>
      <line num="111" count="31" type="stmt"/>
      <line num="115" count="1" type="cond" truecount="0" falsecount="1"/>
      <line num="116" count="7" type="stmt"/>
      <line num="119" count="1" type="stmt"/>
      <line num="123" count="5" type="stmt"/>
      <line num="125" count="9" type="stmt"/>
      <line num="134" count="1" type="stmt"/>
      <line num="138" count="6" type="stmt"/>
      <line num="139" count="6" type="cond" truecount="2" falsecount="0"/>
      <line num="140" count="11" type="stmt"/>
      <line num="144" count="1" type="stmt"/>
      <line num="145" count="6" type="stmt"/>
      <line num="147" count="9" type="stmt"/>
    </file>
  </project>
</coverage>
