{"/Users/viktoria/studying/portfolio/my-portfolio/src/hooks/useTypograph.tsx": {"path":"/Users/viktoria/studying/portfolio/my-portfolio/src/hooks/useTypograph.tsx","statementMap":{"0":{"start":{"line":102,"column":0},"end":{"line":102,"column":24}},"1":{"start":{"line":115,"column":0},"end":{"line":115,"column":16}},"2":{"start":{"line":119,"column":0},"end":{"line":119,"column":16}},"3":{"start":{"line":134,"column":0},"end":{"line":134,"column":16}},"4":{"start":{"line":144,"column":0},"end":{"line":144,"column":16}},"5":{"start":{"line":1,"column":0},"end":{"line":1,"column":31}},"6":{"start":{"line":5,"column":28},"end":{"line":24,"column":null}},"7":{"start":{"line":26,"column":26},"end":{"line":43,"column":null}},"8":{"start":{"line":46,"column":2},"end":{"line":46,"column":null}},"9":{"start":{"line":46,"column":13},"end":{"line":46,"column":null}},"10":{"start":{"line":49,"column":15},"end":{"line":49,"column":47}},"11":{"start":{"line":52,"column":2},"end":{"line":52,"column":null}},"12":{"start":{"line":54,"column":2},"end":{"line":54,"column":null}},"13":{"start":{"line":57,"column":18},"end":{"line":57,"column":79}},"14":{"start":{"line":58,"column":2},"end":{"line":58,"column":null}},"15":{"start":{"line":58,"column":46},"end":{"line":58,"column":59}},"16":{"start":{"line":61,"column":2},"end":{"line":61,"column":null}},"17":{"start":{"line":64,"column":2},"end":{"line":64,"column":null}},"18":{"start":{"line":67,"column":2},"end":{"line":67,"column":null}},"19":{"start":{"line":69,"column":2},"end":{"line":69,"column":null}},"20":{"start":{"line":73,"column":2},"end":{"line":73,"column":null}},"21":{"start":{"line":73,"column":13},"end":{"line":73,"column":null}},"22":{"start":{"line":75,"column":15},"end":{"line":75,"column":47}},"23":{"start":{"line":78,"column":2},"end":{"line":78,"column":null}},"24":{"start":{"line":80,"column":2},"end":{"line":80,"column":null}},"25":{"start":{"line":83,"column":28},"end":{"line":85,"column":null}},"26":{"start":{"line":88,"column":2},"end":{"line":91,"column":null}},"27":{"start":{"line":90,"column":25},"end":{"line":90,"column":49}},"28":{"start":{"line":94,"column":2},"end":{"line":94,"column":null}},"29":{"start":{"line":97,"column":2},"end":{"line":97,"column":null}},"30":{"start":{"line":99,"column":2},"end":{"line":99,"column":null}},"31":{"start":{"line":106,"column":2},"end":{"line":106,"column":null}},"32":{"start":{"line":106,"column":13},"end":{"line":106,"column":null}},"33":{"start":{"line":108,"column":2},"end":{"line":112,"column":3}},"34":{"start":{"line":109,"column":4},"end":{"line":109,"column":null}},"35":{"start":{"line":111,"column":4},"end":{"line":111,"column":null}},"36":{"start":{"line":116,"column":2},"end":{"line":116,"column":null}},"37":{"start":{"line":116,"column":23},"end":{"line":116,"column":51}},"38":{"start":{"line":123,"column":2},"end":{"line":131,"column":null}},"39":{"start":{"line":125,"column":6},"end":{"line":129,"column":9}},"40":{"start":{"line":125,"column":31},"end":{"line":128,"column":null}},"41":{"start":{"line":138,"column":2},"end":{"line":141,"column":null}},"42":{"start":{"line":139,"column":4},"end":{"line":139,"column":null}},"43":{"start":{"line":139,"column":16},"end":{"line":139,"column":null}},"44":{"start":{"line":140,"column":4},"end":{"line":140,"column":null}},"45":{"start":{"line":140,"column":31},"end":{"line":140,"column":59}},"46":{"start":{"line":145,"column":2},"end":{"line":153,"column":null}},"47":{"start":{"line":147,"column":6},"end":{"line":151,"column":9}},"48":{"start":{"line":147,"column":32},"end":{"line":150,"column":null}}},"fnMap":{"0":{"name":"applyEnglishTypography","decl":{"start":{"line":45,"column":9},"end":{"line":45,"column":31}},"loc":{"start":{"line":45,"column":44},"end":{"line":70,"column":1}}},"1":{"name":"(anonymous_1)","decl":{"start":{"line":58,"column":35},"end":{"line":58,"column":36}},"loc":{"start":{"line":58,"column":46},"end":{"line":58,"column":59}}},"2":{"name":"applyRussianTypography","decl":{"start":{"line":72,"column":9},"end":{"line":72,"column":31}},"loc":{"start":{"line":72,"column":44},"end":{"line":100,"column":1}}},"3":{"name":"(anonymous_3)","decl":{"start":{"line":90,"column":4},"end":{"line":90,"column":5}},"loc":{"start":{"line":90,"column":25},"end":{"line":90,"column":49}}},"4":{"name":"typografCombined","decl":{"start":{"line":102,"column":24},"end":{"line":102,"column":40}},"loc":{"start":{"line":104,"column":26},"end":{"line":113,"column":1}}},"5":{"name":"useTypografCombined","decl":{"start":{"line":115,"column":16},"end":{"line":115,"column":35}},"loc":{"start":{"line":115,"column":74},"end":{"line":117,"column":1}}},"6":{"name":"(anonymous_6)","decl":{"start":{"line":116,"column":17},"end":{"line":116,"column":20}},"loc":{"start":{"line":116,"column":23},"end":{"line":116,"column":51}}},"7":{"name":"useExperienceTypograf","decl":{"start":{"line":119,"column":16},"end":{"line":119,"column":37}},"loc":{"start":{"line":121,"column":19},"end":{"line":132,"column":1}}},"8":{"name":"(anonymous_8)","decl":{"start":{"line":124,"column":4},"end":{"line":124,"column":7}},"loc":{"start":{"line":125,"column":6},"end":{"line":129,"column":9}}},"9":{"name":"(anonymous_9)","decl":{"start":{"line":125,"column":21},"end":{"line":125,"column":22}},"loc":{"start":{"line":125,"column":31},"end":{"line":128,"column":null}}},"10":{"name":"useFactsTypograf","decl":{"start":{"line":134,"column":16},"end":{"line":134,"column":32}},"loc":{"start":{"line":136,"column":19},"end":{"line":142,"column":1}}},"11":{"name":"(anonymous_11)","decl":{"start":{"line":138,"column":17},"end":{"line":138,"column":20}},"loc":{"start":{"line":138,"column":22},"end":{"line":141,"column":3}}},"12":{"name":"(anonymous_12)","decl":{"start":{"line":140,"column":21},"end":{"line":140,"column":22}},"loc":{"start":{"line":140,"column":31},"end":{"line":140,"column":59}}},"13":{"name":"useProjectsTypograf","decl":{"start":{"line":144,"column":16},"end":{"line":144,"column":35}},"loc":{"start":{"line":144,"column":74},"end":{"line":154,"column":1}}},"14":{"name":"(anonymous_14)","decl":{"start":{"line":146,"column":4},"end":{"line":146,"column":7}},"loc":{"start":{"line":147,"column":6},"end":{"line":151,"column":9}}},"15":{"name":"(anonymous_15)","decl":{"start":{"line":147,"column":19},"end":{"line":147,"column":20}},"loc":{"start":{"line":147,"column":32},"end":{"line":150,"column":null}}}},"branchMap":{"0":{"loc":{"start":{"line":46,"column":2},"end":{"line":46,"column":null}},"type":"if","locations":[{"start":{"line":46,"column":2},"end":{"line":46,"column":null}},{"start":{},"end":{}}]},"1":{"loc":{"start":{"line":73,"column":2},"end":{"line":73,"column":null}},"type":"if","locations":[{"start":{"line":73,"column":2},"end":{"line":73,"column":null}},{"start":{},"end":{}}]},"2":{"loc":{"start":{"line":104,"column":2},"end":{"line":104,"column":26}},"type":"default-arg","locations":[{"start":{"line":104,"column":22},"end":{"line":104,"column":26}}]},"3":{"loc":{"start":{"line":106,"column":2},"end":{"line":106,"column":null}},"type":"if","locations":[{"start":{"line":106,"column":2},"end":{"line":106,"column":null}},{"start":{},"end":{}}]},"4":{"loc":{"start":{"line":108,"column":2},"end":{"line":112,"column":3}},"type":"if","locations":[{"start":{"line":108,"column":2},"end":{"line":112,"column":3}},{"start":{"line":110,"column":9},"end":{"line":112,"column":3}}]},"5":{"loc":{"start":{"line":115,"column":50},"end":{"line":115,"column":74}},"type":"default-arg","locations":[{"start":{"line":115,"column":70},"end":{"line":115,"column":74}}]},"6":{"loc":{"start":{"line":139,"column":4},"end":{"line":139,"column":null}},"type":"if","locations":[{"start":{"line":139,"column":4},"end":{"line":139,"column":null}},{"start":{},"end":{}}]}},"s":{"0":1,"1":1,"2":1,"3":1,"4":1,"5":1,"6":1,"7":1,"8":31,"9":0,"10":31,"11":31,"12":31,"13":31,"14":31,"15":21,"16":31,"17":31,"18":31,"19":31,"20":45,"21":0,"22":45,"23":45,"24":45,"25":45,"26":45,"27":25,"28":45,"29":45,"30":45,"31":78,"32":2,"33":76,"34":45,"35":31,"36":7,"37":6,"38":5,"39":5,"40":9,"41":6,"42":6,"43":1,"44":5,"45":11,"46":6,"47":6,"48":9},"f":{"0":31,"1":21,"2":45,"3":25,"4":78,"5":7,"6":6,"7":5,"8":5,"9":9,"10":6,"11":6,"12":11,"13":6,"14":6,"15":9},"b":{"0":[0,31],"1":[0,45],"2":[0],"3":[2,76],"4":[45,31],"5":[0],"6":[1,5]}}
}
