TN:
SF:src/hooks/useTypograph.tsx
FN:45,applyEnglishTypography
FN:58,(anonymous_1)
FN:72,applyRussianTypography
FN:90,(anonymous_3)
FN:102,typografCombined
FN:115,useTypografCombined
FN:116,(anonymous_6)
FN:119,useExperienceTypograf
FN:124,(anonymous_8)
FN:125,(anonymous_9)
FN:134,useFactsTypograf
FN:138,(anonymous_11)
FN:140,(anonymous_12)
FN:144,useProjectsTypograf
FN:146,(anonymous_14)
FN:147,(anonymous_15)
FNF:16
FNH:16
FNDA:31,applyEnglishTypography
FNDA:21,(anonymous_1)
FNDA:45,applyRussianTypography
FNDA:25,(anonymous_3)
FNDA:78,typografCombined
FNDA:7,useTypografCombined
FNDA:6,(anonymous_6)
FNDA:5,useExperienceTypograf
FNDA:5,(anonymous_8)
FNDA:9,(anonymous_9)
FNDA:6,useFactsTypograf
FNDA:6,(anonymous_11)
FNDA:11,(anonymous_12)
FNDA:6,useProjectsTypograf
FNDA:6,(anonymous_14)
FNDA:9,(anonymous_15)
DA:1,1
DA:5,1
DA:26,1
DA:46,31
DA:49,31
DA:52,31
DA:54,31
DA:57,31
DA:58,31
DA:61,31
DA:64,31
DA:67,31
DA:69,31
DA:73,45
DA:75,45
DA:78,45
DA:80,45
DA:83,45
DA:88,45
DA:90,25
DA:94,45
DA:97,45
DA:99,45
DA:102,1
DA:106,78
DA:108,76
DA:109,45
DA:111,31
DA:115,1
DA:116,7
DA:119,1
DA:123,5
DA:125,9
DA:134,1
DA:138,6
DA:139,6
DA:140,11
DA:144,1
DA:145,6
DA:147,9
LF:40
LH:40
BRDA:46,0,0,0
BRDA:46,0,1,31
BRDA:73,1,0,0
BRDA:73,1,1,45
BRDA:104,2,0,0
BRDA:106,3,0,2
BRDA:106,3,1,76
BRDA:108,4,0,45
BRDA:108,4,1,31
BRDA:115,5,0,0
BRDA:139,6,0,1
BRDA:139,6,1,5
BRF:12
BRH:8
end_of_record
